Removed Pin From Net: NetName=GND Pin=PCB?-6
Removed Pin From Net: NetName=GND Pin=PCB?-9
Removed Pin From Net: NetName=DRIVER_1 Pin=PCB?-11
Removed Pin From Net: NetName=DRIVER_2 Pin=PCB?-13
Removed Pin From Net: NetName=GND Pin=PCB?-14
Removed Pin From Net: NetName=DRIVER_3 Pin=PCB?-15
Removed Pin From Net: NetName=DRIVER_4 Pin=PCB?-18
Removed Pin From Net: NetName=MOSI Pin=PCB?-19
Removed Pin From Net: NetName=GND Pin=PCB?-20
Removed Pin From Net: NetName=MISO Pin=PCB?-21
Removed Pin From Net: NetName=ADC1_CS Pin=PCB?-22
Removed Pin From Net: NetName=SCK Pin=PCB?-23
Removed Pin From Net: NetName=ADC2_CS Pin=PCB?-24
Removed Pin From Net: NetName=GND Pin=PCB?-25
Removed Pin From Net: NetName=ADC3_CS Pin=PCB?-26
Removed Pin From Net: NetName=GND Pin=PCB?-30
Removed Pin From Net: NetName=DRIVER_6 Pin=PCB?-32
Removed Pin From Net: NetName=DRIVER_5 Pin=PCB?-33
Removed Pin From Net: NetName=GND Pin=PCB?-34
Removed Member From Class: ClassName=PI_SCH Member=PCB?
