Added Component: Designator=ADC H(HDR1X11H)
Add component. Clean all parameters for all variants
Add component (AddParameter): Name = "LatestRevisionDate"; Value = "17-Jul-2002"; VariantName = "[No Variations]"
Add component (AddParameter): Name = "LatestRevisionNote"; Value = "Re-released for DXP Platform."; VariantName = "[No Variations]"
Add component (AddParameter): Name = "Publisher"; Value = "Altium Limited"; VariantName = "[No Variations]"
Added Component: Designator=Power H(HDR1X5)
Add component. Clean all parameters for all variants
Add component (AddParameter): Name = "LatestRevisionDate"; Value = "17-Jul-2002"; VariantName = "[No Variations]"
Add component (AddParameter): Name = "LatestRevisionNote"; Value = "Re-released for DXP Platform."; VariantName = "[No Variations]"
Add component (AddParameter): Name = "Publisher"; Value = "Altium Limited"; VariantName = "[No Variations]"
Added Pin To Net: NetName=ADC1_A5 Pin=ADC H-1
Added Pin To Net: NetName=ADC1_A6 Pin=ADC H-2
Added Pin To Net: NetName=ADC1_A7 Pin=ADC H-3
Added Pin To Net: NetName=ADC2_A4 Pin=ADC H-4
Added Pin To Net: NetName=ADC2_A5 Pin=ADC H-5
Added Pin To Net: NetName=ADC2_A6 Pin=ADC H-6
Added Pin To Net: NetName=ADC2_A7 Pin=ADC H-7
Added Pin To Net: NetName=ADC3_A4 Pin=ADC H-8
Added Pin To Net: NetName=ADC3_A5 Pin=ADC H-9
Added Pin To Net: NetName=ADC3_A6 Pin=ADC H-10
Added Pin To Net: NetName=ADC3_A7 Pin=ADC H-11
Added Pin To Net: NetName=+3V3 Pin=Power H-1
Added Pin To Net: NetName=+5V Pin=Power H-2
Added Pin To Net: NetName=+10V Pin=Power H-3
Added Pin To Net: NetName=+12V Pin=Power H-4
Added Pin To Net: NetName=GND Pin=Power H-5
Added Member To Class: ClassName=Connectors Member=Component ADC H Header 11H
Added Member To Class: ClassName=Connectors Member=Component Power H Header 5
