Removed Pin From Net: NetName=NetD1_1 Pin=Q1-1
Removed Pin From Net: NetName=NetQ1_2 Pin=Q1-2
Removed Pin From Net: NetName=NetD2_1 Pin=Q2-1
Removed Pin From Net: NetName=NetQ2_2 Pin=Q2-2
Removed Pin From Net: NetName=NetD3_1 Pin=Q3-1
Removed Pin From Net: NetName=NetQ3_2 Pin=Q3-2
Removed Pin From Net: NetName=NetD4_1 Pin=Q4-1
Removed Pin From Net: NetName=NetQ4_2 Pin=Q4-2
Removed Pin From Net: NetName=NetD5_1 Pin=Q5-1
Removed Pin From Net: NetName=NetQ5_2 Pin=Q5-2
Removed Pin From Net: NetName=NetD6_1 Pin=Q6-1
Removed Pin From Net: NetName=NetQ6_2 Pin=Q6-2
Change Component Footprint: Designator=Q1 Old Footprint=E3 New Footprint=UA78M
Change Component Footprint: Designator=Q2 Old Footprint=E3 New Footprint=UA78M
Change Component Footprint: Designator=Q3 Old Footprint=E3 New Footprint=UA78M
Change Component Footprint: Designator=Q4 Old Footprint=E3 New Footprint=UA78M
Change Component Footprint: Designator=Q5 Old Footprint=E3 New Footprint=UA78M
Change Component Footprint: Designator=Q6 Old Footprint=E3 New Footprint=UA78M
Added Pin To Net: NetName=NetQ1_2 Pin=Q1-1
Added Pin To Net: NetName=NetD1_1 Pin=Q1-2
Added Pin To Net: NetName=NetQ2_2 Pin=Q2-1
Added Pin To Net: NetName=NetD2_1 Pin=Q2-2
Added Pin To Net: NetName=NetQ3_2 Pin=Q3-1
Added Pin To Net: NetName=NetD3_1 Pin=Q3-2
Added Pin To Net: NetName=NetQ4_2 Pin=Q4-1
Added Pin To Net: NetName=NetD4_1 Pin=Q4-2
Added Pin To Net: NetName=NetQ5_2 Pin=Q5-1
Added Pin To Net: NetName=NetD5_1 Pin=Q5-2
Added Pin To Net: NetName=NetQ6_2 Pin=Q6-1
Added Pin To Net: NetName=NetD6_1 Pin=Q6-2
Change Net Name : Old Net Name=NetQ1_2 New Net Name=NetQ1_1
Change Net Name : Old Net Name=NetQ2_2 New Net Name=NetQ2_1
Change Net Name : Old Net Name=NetQ3_2 New Net Name=NetQ3_1
Change Net Name : Old Net Name=NetQ4_2 New Net Name=NetQ4_1
Change Net Name : Old Net Name=NetQ5_2 New Net Name=NetQ5_1
Change Net Name : Old Net Name=NetQ6_2 New Net Name=NetQ6_1
