Change Component Footprint: Designator=C36 Old Footprint=CAPCP2012X06N New Footprint=RAD-0.3
Change Component Footprint: Designator=C37 Old Footprint=CAPCP2012X06N New Footprint=RAD-0.3
Change Component Footprint: Designator=C38 Old Footprint=CAPCP2012X06N New Footprint=RAD-0.3
Change Component Footprint: Designator=C39 Old Footprint=CAPCP2012X06N New Footprint=RAD-0.3
Change Component Footprint: Designator=C40 Old Footprint=CAPCP2012X06N New Footprint=RAD-0.3
Change Component Footprint: Designator=C41 Old Footprint=CAPCP2012X06N New Footprint=RAD-0.3
Change Component Footprint: Designator=D1 Old Footprint=DIOC2012X06N New Footprint=SMC
Change Component Footprint: Designator=D2 Old Footprint=DIOC2012X06N New Footprint=SMC
Change Component Footprint: Designator=D3 Old Footprint=DIOC2012X06N New Footprint=SMC
Change Component Footprint: Designator=D4 Old Footprint=DIOC2012X06N New Footprint=SMC
Change Component Footprint: Designator=D5 Old Footprint=DIOC2012X06N New Footprint=SMC
Change Component Footprint: Designator=D6 Old Footprint=DIOC2012X06N New Footprint=SMC
Change Component Footprint: Designator=D8 Old Footprint=DIODE-0.7 New Footprint=SMC
Change Component Footprint: Designator=R4 Old Footprint=RESC_0805_2012 New Footprint=AXIAL-0.3
Change Component Footprint: Designator=R5 Old Footprint=RESC_0805_2012 New Footprint=AXIAL-0.3
Change Component Footprint: Designator=R6 Old Footprint=RESC_0805_2012 New Footprint=AXIAL-0.3
Change Component Footprint: Designator=R7 Old Footprint=RESC_0805_2012 New Footprint=AXIAL-0.3
Change Component Footprint: Designator=R8 Old Footprint=RESC_0805_2012 New Footprint=AXIAL-0.3
Change Component Footprint: Designator=R9 Old Footprint=RESC_0805_2012 New Footprint=AXIAL-0.3
Change Component Footprint: Designator=R10 Old Footprint=RESC_0805_2012 New Footprint=AXIAL-0.3
Change Component Footprint: Designator=R11 Old Footprint=RESC_0805_2012 New Footprint=AXIAL-0.3
Change Component Footprint: Designator=R12 Old Footprint=RESC_0805_2012 New Footprint=AXIAL-0.3
Change Component Footprint: Designator=R13 Old Footprint=RESC_0805_2012 New Footprint=AXIAL-0.3
Change Component Footprint: Designator=R14 Old Footprint=RESC_0805_2012 New Footprint=AXIAL-0.3
Change Component Footprint: Designator=R15 Old Footprint=RESC_0805_2012 New Footprint=AXIAL-0.3
Change Component Footprint: Designator=Q1 Old Footprint=UA78M New Footprint=E3
Change Component Footprint: Designator=Q2 Old Footprint=UA78M New Footprint=E3
Change Component Footprint: Designator=Q3 Old Footprint=UA78M New Footprint=E3
Change Component Footprint: Designator=Q4 Old Footprint=UA78M New Footprint=E3
Change Component Footprint: Designator=Q5 Old Footprint=UA78M New Footprint=E3
Change Component Footprint: Designator=Q6 Old Footprint=UA78M New Footprint=E3
Change Physical Footprint: Designator=ADC1 Old Footprint=SOIC127P600X175-16N New Footprint=SOIC127P600X175-16N
Change Physical Footprint: Designator=ADC2 Old Footprint=SOIC127P600X175-16N New Footprint=SOIC127P600X175-16N
Change Physical Footprint: Designator=ADC3 Old Footprint=SOIC127P600X175-16N New Footprint=SOIC127P600X175-16N
Change Physical Footprint: Designator=ADC H Old Footprint=HDR1X11 New Footprint=HDR1X11
Change Physical Footprint: Designator=C1 Old Footprint=CAPCP2012X06N New Footprint=CAPCP2012X06N
Change Physical Footprint: Designator=C2 Old Footprint=CAPCP2012X06N New Footprint=CAPCP2012X06N
Change Physical Footprint: Designator=C3 Old Footprint=CAPCP2012X06N New Footprint=CAPCP2012X06N
Change Physical Footprint: Designator=C16 Old Footprint=CAPCP2012X06N New Footprint=CAPCP2012X06N
Change Physical Footprint: Designator=C17 Old Footprint=CAPCP2012X06N New Footprint=CAPCP2012X06N
Change Physical Footprint: Designator=C18 Old Footprint=CAPCP2012X06N New Footprint=CAPCP2012X06N
Change Physical Footprint: Designator=C19 Old Footprint=CAPCP2012X06N New Footprint=CAPCP2012X06N
Change Physical Footprint: Designator=C20 Old Footprint=CAPCP2012X06N New Footprint=CAPCP2012X06N
Change Physical Footprint: Designator=C21 Old Footprint=CAPCP2012X06N New Footprint=CAPCP2012X06N
Change Physical Footprint: Designator=C22 Old Footprint=CAPCP2012X06N New Footprint=CAPCP2012X06N
Change Physical Footprint: Designator=C23 Old Footprint=CAPCP2012X06N New Footprint=CAPCP2012X06N
Change Physical Footprint: Designator=C24 Old Footprint=CAPCP2012X06N New Footprint=CAPCP2012X06N
Change Physical Footprint: Designator=C25 Old Footprint=CAPCP2012X06N New Footprint=CAPCP2012X06N
Change Physical Footprint: Designator=C26 Old Footprint=CAPCP2012X06N New Footprint=CAPCP2012X06N
Change Physical Footprint: Designator=C27 Old Footprint=CAPCP2012X06N New Footprint=CAPCP2012X06N
Change Physical Footprint: Designator=C28 Old Footprint=CAPCP2012X06N New Footprint=CAPCP2012X06N
Change Physical Footprint: Designator=C29 Old Footprint=CAPCP2012X06N New Footprint=CAPCP2012X06N
Change Physical Footprint: Designator=C30 Old Footprint=CAPCP2012X06N New Footprint=CAPCP2012X06N
Change Physical Footprint: Designator=C31 Old Footprint=CAPCP2012X06N New Footprint=CAPCP2012X06N
Change Physical Footprint: Designator=C32 Old Footprint=CAPCP2012X06N New Footprint=CAPCP2012X06N
Change Physical Footprint: Designator=C33 Old Footprint=CAPCP2012X06N New Footprint=CAPCP2012X06N
Change Physical Footprint: Designator=C34 Old Footprint=CAPCP2012X06N New Footprint=CAPCP2012X06N
Change Physical Footprint: Designator=C35 Old Footprint=CAPCP2012X06N New Footprint=CAPCP2012X06N
Change Physical Footprint: Designator=C42 Old Footprint=CAPCP2012X06N New Footprint=CAPCP2012X06N
Change Physical Footprint: Designator=C43 Old Footprint=CAPCP2012X06N New Footprint=CAPCP2012X06N
Change Physical Footprint: Designator=C44 Old Footprint=CAPCP2012X06N New Footprint=CAPCP2012X06N
Change Physical Footprint: Designator=C45 Old Footprint=CAPCP2012X06N New Footprint=CAPCP2012X06N
Change Physical Footprint: Designator=C46 Old Footprint=CAPCP2012X06N New Footprint=CAPCP2012X06N
Change Physical Footprint: Designator=C47 Old Footprint=CAPCP2012X06N New Footprint=CAPCP2012X06N
Change Physical Footprint: Designator=C48 Old Footprint=CAPCP2012X06N New Footprint=CAPCP2012X06N
Change Physical Footprint: Designator=C49 Old Footprint=CAPCP2012X06N New Footprint=CAPCP2012X06N
Change Physical Footprint: Designator=C50 Old Footprint=CAPCP2012X06N New Footprint=CAPCP2012X06N
Change Physical Footprint: Designator=C51 Old Footprint=CAPCP2012X06N New Footprint=CAPCP2012X06N
Change Physical Footprint: Designator=C52 Old Footprint=CAPCP2012X06N New Footprint=CAPCP2012X06N
Change Physical Footprint: Designator=C53 Old Footprint=CAPCP2012X06N New Footprint=CAPCP2012X06N
Change Physical Footprint: Designator=C54 Old Footprint=CAPCP2012X06N New Footprint=CAPCP2012X06N
Change Physical Footprint: Designator=C55 Old Footprint=CAPCP2012X06N New Footprint=CAPCP2012X06N
Change Physical Footprint: Designator=C56 Old Footprint=CAPCP2012X06N New Footprint=CAPCP2012X06N
Change Physical Footprint: Designator=C57 Old Footprint=CAPCP2012X06N New Footprint=CAPCP2012X06N
Change Physical Footprint: Designator=IC1 Old Footprint=SOT95P245X110-5N New Footprint=SOT95P245X110-5N
Change Physical Footprint: Designator=IC2 Old Footprint=SOT95P245X110-5N New Footprint=SOT95P245X110-5N
Change Physical Footprint: Designator=IC3 Old Footprint=SOT95P245X110-5N New Footprint=SOT95P245X110-5N
Change Physical Footprint: Designator=IC4 Old Footprint=SOT95P245X110-5N New Footprint=SOT95P245X110-5N
Change Physical Footprint: Designator=IC5 Old Footprint=SOT95P245X110-5N New Footprint=SOT95P245X110-5N
Change Physical Footprint: Designator=IC7 Old Footprint=SOIC127P1030X265-8N New Footprint=SOIC127P1030X265-8N
Change Physical Footprint: Designator=IC8 Old Footprint=SOIC127P1030X265-8N New Footprint=SOIC127P1030X265-8N
Change Physical Footprint: Designator=IC9 Old Footprint=SOIC127P1030X265-8N New Footprint=SOIC127P1030X265-8N
Change Physical Footprint: Designator=IC10 Old Footprint=SOIC127P1030X265-8N New Footprint=SOIC127P1030X265-8N
Change Physical Footprint: Designator=IC11 Old Footprint=SOT95P245X110-5N New Footprint=SOT95P245X110-5N
Change Physical Footprint: Designator=IC12 Old Footprint=SOT95P245X110-5N New Footprint=SOT95P245X110-5N
Change Physical Footprint: Designator=IC13 Old Footprint=SOT95P245X110-5N New Footprint=SOT95P245X110-5N
Change Physical Footprint: Designator=IC14 Old Footprint=SOT95P245X110-5N New Footprint=SOT95P245X110-5N
Change Physical Footprint: Designator=IC15 Old Footprint=SOT95P245X110-5N New Footprint=SOT95P245X110-5N
Change Physical Footprint: Designator=IC16 Old Footprint=SOT95P245X110-5N New Footprint=SOT95P245X110-5N
Change Physical Footprint: Designator=IC17 Old Footprint=SOT95P245X110-5N New Footprint=SOT95P245X110-5N
Change Physical Footprint: Designator=IC18 Old Footprint=SOT95P245X110-5N New Footprint=SOT95P245X110-5N
Change Physical Footprint: Designator=JP2 Old Footprint=MHDR1X2 New Footprint=MHDR1X2
Change Physical Footprint: Designator=LC_EN/CAL1 Old Footprint=MHDR1X2 New Footprint=MHDR1X2
Change Physical Footprint: Designator=LCAA_EN1 Old Footprint=MHDR1X2 New Footprint=MHDR1X2
Change Physical Footprint: Designator=LCIN1 Old Footprint=MHDR1X2 New Footprint=MHDR1X2
Change Physical Footprint: Designator=LCIN2 Old Footprint=MHDR1X2 New Footprint=MHDR1X2
Change Physical Footprint: Designator=LCIN3 Old Footprint=MHDR1X2 New Footprint=MHDR1X2
Change Physical Footprint: Designator=LCIN4 Old Footprint=MHDR1X2 New Footprint=MHDR1X2
Change Physical Footprint: Designator=LCIN5 Old Footprint=MHDR1X2 New Footprint=MHDR1X2
Change Physical Footprint: Designator=P1 Old Footprint=HDR1X2 New Footprint=HDR1X2
Change Physical Footprint: Designator=Power H Old Footprint=HDR1X5 New Footprint=HDR1X5
Change Physical Footprint: Designator=R1 Old Footprint=RESC_0805_2012 New Footprint=RESC_0805_2012
Change Physical Footprint: Designator=R2 Old Footprint=RESC_0805_2012 New Footprint=RESC_0805_2012
Change Physical Footprint: Designator=R3 Old Footprint=RESC_0805_2012 New Footprint=RESC_0805_2012
Change Physical Footprint: Designator=R18 Old Footprint=RESC_0805_2012 New Footprint=RESC_0805_2012
Change Physical Footprint: Designator=R19 Old Footprint=RESC_0805_2012 New Footprint=RESC_0805_2012
Change Physical Footprint: Designator=R20 Old Footprint=RESC_0805_2012 New Footprint=RESC_0805_2012
Change Physical Footprint: Designator=R21 Old Footprint=RESC_0805_2012 New Footprint=RESC_0805_2012
Change Physical Footprint: Designator=R22 Old Footprint=RESC_0805_2012 New Footprint=RESC_0805_2012
Change Physical Footprint: Designator=R23 Old Footprint=RESC_0805_2012 New Footprint=RESC_0805_2012
Change Physical Footprint: Designator=R24 Old Footprint=RESC_0805_2012 New Footprint=RESC_0805_2012
Change Physical Footprint: Designator=R25 Old Footprint=RESC_0805_2012 New Footprint=RESC_0805_2012
Change Physical Footprint: Designator=R26 Old Footprint=RESC_0805_2012 New Footprint=RESC_0805_2012
Change Physical Footprint: Designator=R27 Old Footprint=RESC_0805_2012 New Footprint=RESC_0805_2012
Change Physical Footprint: Designator=R28 Old Footprint=RESC_0805_2012 New Footprint=RESC_0805_2012
Change Physical Footprint: Designator=R29 Old Footprint=RESC_0805_2012 New Footprint=RESC_0805_2012
Change Physical Footprint: Designator=R30 Old Footprint=RESC_0805_2012 New Footprint=RESC_0805_2012
Change Physical Footprint: Designator=R31 Old Footprint=RESC_0805_2012 New Footprint=RESC_0805_2012
Change Physical Footprint: Designator=R32 Old Footprint=RESC_0805_2012 New Footprint=RESC_0805_2012
Change Physical Footprint: Designator=R33 Old Footprint=RESC_0805_2012 New Footprint=RESC_0805_2012
Change Physical Footprint: Designator=R34 Old Footprint=RESC_0805_2012 New Footprint=RESC_0805_2012
Change Physical Footprint: Designator=R35 Old Footprint=RESC_0805_2012 New Footprint=RESC_0805_2012
Change Physical Footprint: Designator=R36 Old Footprint=RESC_0805_2012 New Footprint=RESC_0805_2012
Change Physical Footprint: Designator=R37 Old Footprint=RESC_0805_2012 New Footprint=RESC_0805_2012
Change Physical Footprint: Designator=R38 Old Footprint=RESC_0805_2012 New Footprint=RESC_0805_2012
Change Physical Footprint: Designator=R39 Old Footprint=RESC_0805_2012 New Footprint=RESC_0805_2012
Change Physical Footprint: Designator=R40 Old Footprint=RESC_0805_2012 New Footprint=RESC_0805_2012
Change Physical Footprint: Designator=R41 Old Footprint=RESC_0805_2012 New Footprint=RESC_0805_2012
Change Physical Footprint: Designator=R42 Old Footprint=RESC_0805_2012 New Footprint=RESC_0805_2012
Change Physical Footprint: Designator=R43 Old Footprint=RESC_0805_2012 New Footprint=RESC_0805_2012
Change Physical Footprint: Designator=R44 Old Footprint=RESC_0805_2012 New Footprint=RESC_0805_2012
Change Physical Footprint: Designator=R45 Old Footprint=RESC_0805_2012 New Footprint=RESC_0805_2012
Change Physical Footprint: Designator=R46 Old Footprint=RESC_0805_2012 New Footprint=RESC_0805_2012
Change Physical Footprint: Designator=R47 Old Footprint=RESC_0805_2012 New Footprint=RESC_0805_2012
Change Physical Footprint: Designator=R48 Old Footprint=RESC_0805_2012 New Footprint=RESC_0805_2012
Change Physical Footprint: Designator=R49 Old Footprint=RESC_0805_2012 New Footprint=RESC_0805_2012
Change Physical Footprint: Designator=R50 Old Footprint=RESC_0805_2012 New Footprint=RESC_0805_2012
Change Physical Footprint: Designator=R51 Old Footprint=RESC_0805_2012 New Footprint=RESC_0805_2012
Change Physical Footprint: Designator=R52 Old Footprint=RESC_0805_2012 New Footprint=RESC_0805_2012
Change Physical Footprint: Designator=R53 Old Footprint=RESC_0805_2012 New Footprint=RESC_0805_2012
Change Physical Footprint: Designator=R54 Old Footprint=RESC_0805_2012 New Footprint=RESC_0805_2012
Change Physical Footprint: Designator=R55 Old Footprint=RESC_0805_2012 New Footprint=RESC_0805_2012
Change Physical Footprint: Designator=R56 Old Footprint=RESC_0805_2012 New Footprint=RESC_0805_2012
Change Physical Footprint: Designator=R57 Old Footprint=RESC_0805_2012 New Footprint=RESC_0805_2012
Change Physical Footprint: Designator=R58 Old Footprint=RESC_0805_2012 New Footprint=RESC_0805_2012
Change Physical Footprint: Designator=R59 Old Footprint=RESC_0805_2012 New Footprint=RESC_0805_2012
Change Physical Footprint: Designator=R60 Old Footprint=RESC_0805_2012 New Footprint=RESC_0805_2012
Change Physical Footprint: Designator=R61 Old Footprint=RESC_0805_2012 New Footprint=RESC_0805_2012
Change Physical Footprint: Designator=R62 Old Footprint=RESC_0805_2012 New Footprint=RESC_0805_2012
Change Physical Footprint: Designator=R63 Old Footprint=RESC_0805_2012 New Footprint=RESC_0805_2012
Change Physical Footprint: Designator=R64 Old Footprint=RESC_0805_2012 New Footprint=RESC_0805_2012
Change Physical Footprint: Designator=R65 Old Footprint=RESC_0805_2012 New Footprint=RESC_0805_2012
Change Physical Footprint: Designator=R66 Old Footprint=RESC_0805_2012 New Footprint=RESC_0805_2012
Change Physical Footprint: Designator=R67 Old Footprint=RESC_0805_2012 New Footprint=RESC_0805_2012
Change Physical Footprint: Designator=R68 Old Footprint=RESC_0805_2012 New Footprint=RESC_0805_2012
Change Physical Footprint: Designator=R69 Old Footprint=RESC_0805_2012 New Footprint=RESC_0805_2012
Change Physical Footprint: Designator=RF1 Old Footprint=RESC_0805_2012 New Footprint=RESC_0805_2012
Change Physical Footprint: Designator=RF2 Old Footprint=RESC_0805_2012 New Footprint=RESC_0805_2012
Change Physical Footprint: Designator=RF3 Old Footprint=RESC_0805_2012 New Footprint=RESC_0805_2012
Change Physical Footprint: Designator=RF4 Old Footprint=RESC_0805_2012 New Footprint=RESC_0805_2012
Change Physical Footprint: Designator=RF5 Old Footprint=RESC_0805_2012 New Footprint=RESC_0805_2012
Change Physical Footprint: Designator=RG1 Old Footprint=RESC_0805_2012 New Footprint=RESC_0805_2012
Change Physical Footprint: Designator=RG2 Old Footprint=RESC_0805_2012 New Footprint=RESC_0805_2012
Change Physical Footprint: Designator=RG3 Old Footprint=RESC_0805_2012 New Footprint=RESC_0805_2012
Change Physical Footprint: Designator=RG4 Old Footprint=RESC_0805_2012 New Footprint=RESC_0805_2012
Change Physical Footprint: Designator=RG5 Old Footprint=RESC_0805_2012 New Footprint=RESC_0805_2012
Change Physical Footprint: Designator=RPD1 Old Footprint=RESC_0805_2012 New Footprint=RESC_0805_2012
Change Physical Footprint: Designator=RZ1 Old Footprint=VR5 New Footprint=VR5
Change Physical Footprint: Designator=RZ2 Old Footprint=VR5 New Footprint=VR5
Change Physical Footprint: Designator=RZ3 Old Footprint=VR5 New Footprint=VR5
Change Physical Footprint: Designator=RZ4 Old Footprint=VR5 New Footprint=VR5
Change Physical Footprint: Designator=RZ5 Old Footprint=VR5 New Footprint=VR5
Change Physical Footprint: Designator=VR1 Old Footprint=UA78M New Footprint=UA78M
Change Physical Footprint: Designator=VR2 Old Footprint=LM1084ISX-5.0/NOPB New Footprint=LM1084ISX-5.0/NOPB
Change Physical Footprint: Designator=VR3 Old Footprint=SOT95P245X110-3N New Footprint=SOT95P245X110-3N
