Removed Pin From Net: NetName=DRIVER_2 Pin=Drivers_1-1
Removed Pin From Net: NetName=DRIVER_3 Pin=Drivers_1-2
Removed Pin From Net: NetName=DRIVER_4 Pin=Drivers_1-3
Removed Pin From Net: NetName=DRIVER_6 Pin=Drivers_2-1
Removed Pin From Net: NetName=LC1_OUT_P Pin=LC1-1
Removed Pin From Net: NetName=LC3_OUT_P Pin=LC2-1
Removed Pin From Net: NetName=LC2_OUT_N Pin=LC2-2
Removed Pin From Net: NetName=LC2_OUT_P Pin=LC2-3
Removed Pin From Net: NetName=LC5_OUT_P Pin=LC3-1
Removed Pin From Net: NetName=LC4_OUT_N Pin=LC3-2
Removed Pin From Net: NetName=LC4_OUT_P Pin=LC3-3
Removed Pin From Net: NetName=+3V3 Pin=Power-2
Removed Pin From Net: NetName=+10V Pin=PT1-1
Removed Pin From Net: NetName=PT1_OUT Pin=PT1-2
Removed Pin From Net: NetName=+10V Pin=PT1-3
Removed Pin From Net: NetName=+10V Pin=PT2-1
Removed Pin From Net: NetName=PT3_OUT Pin=PT2-2
Removed Pin From Net: NetName=+10V Pin=PT2-3
Removed Pin From Net: NetName=TC3 Pin=TC1-1
Removed Pin From Net: NetName=TC2 Pin=TC1-2
Removed Pin From Net: NetName=TC1 Pin=TC1-3
Added Pin To Net: NetName=DRIVER_1 Pin=Drivers_1-1
Added Pin To Net: NetName=DRIVER_2 Pin=Drivers_1-2
Added Pin To Net: NetName=DRIVER_3 Pin=Drivers_1-3
Added Pin To Net: NetName=DRIVER_4 Pin=Drivers_1-4
Added Pin To Net: NetName=DRIVER_5 Pin=Drivers_2-1
Added Pin To Net: NetName=DRIVER_6 Pin=Drivers_2-2
Added Pin To Net: NetName=GND Pin=GND-4
Added Pin To Net: NetName=LC1_OUT_N Pin=LC1-1
Added Pin To Net: NetName=LC1_OUT_P Pin=LC1-2
Added Pin To Net: NetName=LC3_OUT_N Pin=LC2-1
Added Pin To Net: NetName=LC3_OUT_P Pin=LC2-2
Added Pin To Net: NetName=LC2_OUT_N Pin=LC2-3
Added Pin To Net: NetName=LC2_OUT_P Pin=LC2-4
Added Pin To Net: NetName=LC5_OUT_N Pin=LC3-1
Added Pin To Net: NetName=LC5_OUT_P Pin=LC3-2
Added Pin To Net: NetName=LC4_OUT_N Pin=LC3-3
Added Pin To Net: NetName=LC4_OUT_P Pin=LC3-4
Added Pin To Net: NetName=+12V Pin=Power-2
Added Pin To Net: NetName=+3V3 Pin=Power-4
Added Pin To Net: NetName=PT2_OUT Pin=PT1-1
Added Pin To Net: NetName=+10V Pin=PT1-2
Added Pin To Net: NetName=PT1_OUT Pin=PT1-3
Added Pin To Net: NetName=+10V Pin=PT1-4
Added Pin To Net: NetName=PT4_OUT Pin=PT2-1
Added Pin To Net: NetName=+10V Pin=PT2-2
Added Pin To Net: NetName=PT3_OUT Pin=PT2-3
Added Pin To Net: NetName=+10V Pin=PT2-4
Added Pin To Net: NetName=TC4 Pin=TC1-1
Added Pin To Net: NetName=TC3 Pin=TC1-2
Added Pin To Net: NetName=TC2 Pin=TC1-3
Added Pin To Net: NetName=TC1 Pin=TC1-4
