Change Component Designator: Old Designator=C? New Designator=C31
Change Component Designator: Old Designator=C? New Designator=C32
Change Component Designator: Old Designator=C? New Designator=C33
Change Component Designator: Old Designator=C? New Designator=C34
Change Component Designator: Old Designator=C? New Designator=C35
Change Component Designator: Old Designator=IC? New Designator=IC6
Change Component Designator: Old Designator=IC? New Designator=IC7
Change Component Designator: Old Designator=IC? New Designator=IC8
Change Component Designator: Old Designator=IC? New Designator=IC9
Change Component Designator: Old Designator=IC? New Designator=IC10
Change Component Designator: Old Designator=JP? New Designator=JP2
Change Component Designator: Old Designator=LC_EN/CAL? New Designator=LC_EN/CAL1
Change Component Designator: Old Designator=RF? New Designator=RF1
Change Component Designator: Old Designator=RF? New Designator=RF2
Change Component Designator: Old Designator=RF? New Designator=RF3
Change Component Designator: Old Designator=RF? New Designator=RF4
Change Component Designator: Old Designator=RF? New Designator=RF5
Change Component Designator: Old Designator=RG? New Designator=RG1
Change Component Designator: Old Designator=RG? New Designator=RG2
Change Component Designator: Old Designator=RG? New Designator=RG3
Change Component Designator: Old Designator=RG? New Designator=RG4
Change Component Designator: Old Designator=RG? New Designator=RG5
Change Component Designator: Old Designator=RPD? New Designator=RPD1
Change Component Designator: Old Designator=RZ? New Designator=RZ1
Change Component Designator: Old Designator=RZ? New Designator=RZ2
Change Component Designator: Old Designator=RZ? New Designator=RZ3
Change Component Designator: Old Designator=RZ? New Designator=RZ4
Change Component Designator: Old Designator=RZ? New Designator=RZ5
