Number of messages = 163

# warning: NodePadName not found DRIVERS_1 4
# warning: NodePadName not found DRIVERS_1 3
# warning: NodePadName not found DRIVERS_1 2
# warning: NodePadName not found DRIVERS_1 1
# warning: NodePadName not found TC1 1
# warning: NodePadName not found TC1 2
# warning: NodePadName not found TC1 3
# warning: NodePadName not found TC1 3
# warning: NodePadName not found TC1 4
# warning: NodePadName not found TC1 4
# warning: NodePadName not found PT2 1
# warning: NodePadName not found PT2 3
# warning: NodePadName not found PT1 1
# warning: NodePadName not found PT1 3
# warning: NodePadName not found LC3 2
# warning: NodePadName not found LC3 1
# warning: NodePadName not found LC3 4
# warning: NodePadName not found LC3 3
# warning: NodePadName not found LC2 2
# warning: NodePadName not found LC2 1
# warning: NodePadName not found LC2 4
# warning: NodePadName not found LC2 3
# warning: NodePadName not found GND 1
# warning: NodePadName not found GND 1
# warning: NodePadName not found GND 1
# warning: NodePadName not found GND 1
# warning: NodePadName not found GND 1
# warning: NodePadName not found GND 1
# warning: NodePadName not found GND 1
# warning: NodePadName not found GND 1
# warning: NodePadName not found GND 1
# warning: NodePadName not found GND 1
# warning: NodePadName not found GND 1
# warning: NodePadName not found GND 1
# warning: NodePadName not found GND 1
# warning: NodePadName not found GND 1
# warning: NodePadName not found GND 1
# warning: NodePadName not found GND 1
# warning: NodePadName not found GND 1
# warning: NodePadName not found GND 1
# warning: NodePadName not found GND 1
# warning: NodePadName not found GND 1
# warning: NodePadName not found GND 1
# warning: NodePadName not found GND 1
# warning: NodePadName not found GND 1
# warning: NodePadName not found GND 1
# warning: NodePadName not found GND 1
# warning: NodePadName not found GND 1
# warning: NodePadName not found GND 1
# warning: NodePadName not found GND 1
# warning: NodePadName not found GND 1
# warning: NodePadName not found GND 1
# warning: NodePadName not found GND 1
# warning: NodePadName not found GND 1
# warning: NodePadName not found GND 1
# warning: NodePadName not found GND 1
# warning: NodePadName not found GND 1
# warning: NodePadName not found GND 1
# warning: NodePadName not found GND 1
# warning: NodePadName not found GND 1
# warning: NodePadName not found GND 1
# warning: NodePadName not found GND 1
# warning: NodePadName not found GND 1
# warning: NodePadName not found GND 1
# warning: NodePadName not found GND 1
# warning: NodePadName not found GND 1
# warning: NodePadName not found GND 1
# warning: NodePadName not found GND 1
# warning: NodePadName not found GND 1
# warning: NodePadName not found GND 1
# warning: NodePadName not found GND 1
# warning: NodePadName not found GND 1
# warning: NodePadName not found GND 1
# warning: NodePadName not found GND 1
# warning: NodePadName not found GND 1
# warning: NodePadName not found GND 1
# warning: NodePadName not found GND 1
# warning: NodePadName not found GND 1
# warning: NodePadName not found GND 1
# warning: NodePadName not found GND 1
# warning: NodePadName not found GND 1
# warning: NodePadName not found GND 1
# warning: NodePadName not found GND 1
# warning: NodePadName not found GND 1
# warning: NodePadName not found GND 1
# warning: NodePadName not found GND 1
# warning: NodePadName not found GND 1
# warning: NodePadName not found GND 1
# warning: NodePadName not found GND 1
# warning: NodePadName not found GND 1
# warning: NodePadName not found GND 1
# warning: NodePadName not found GND 1
# warning: NodePadName not found GND 1
# warning: NodePadName not found GND 1
# warning: NodePadName not found GND 1
# warning: NodePadName not found GND 1
# warning: NodePadName not found GND 1
# warning: NodePadName not found GND 1
# warning: NodePadName not found GND 1
# warning: NodePadName not found GND 1
# warning: NodePadName not found GND 1
# warning: NodePadName not found GND 1
# warning: NodePadName not found GND 1
# warning: NodePadName not found GND 1
# warning: NodePadName not found GND 1
# warning: NodePadName not found GND 1
# warning: NodePadName not found GND 1
# warning: NodePadName not found GND 1
# warning: NodePadName not found GND 1
# warning: NodePadName not found GND 1
# warning: NodePadName not found GND 1
# warning: NodePadName not found GND 1
# warning: NodePadName not found GND 1
# warning: NodePadName not found GND 1
# warning: NodePadName not found GND 1
# warning: NodePadName not found GND 1
# warning: NodePadName not found GND 1
# warning: NodePadName not found GND 1
# warning: NodePadName not found GND 1
# warning: NodePadName not found GND 1
# warning: NodePadName not found GND 1
# warning: NodePadName not found GND 1
# warning: NodePadName not found GND 1
# warning: NodePadName not found GND 1
# warning: NodePadName not found GND 1
# warning: NodePadName not found GND 1
# warning: NodePadName not found GND 1
# warning: NodePadName not found GND 1
# warning: NodePadName not found GND 1
# warning: NodePadName not found GND 1
# warning: NodePadName not found ADC5 1
# warning: NodePadName not found ADC5 1
# warning: NodePadName not found ADC5 2
# warning: NodePadName not found ADC5 2
# warning: NodePadName not found ADC5 3
# warning: NodePadName not found ADC5 3
# warning: NodePadName not found ADC5 4
# warning: NodePadName not found ADC4 1
# warning: NodePadName not found ADC4 2
# warning: NodePadName not found ADC4 3
# warning: NodePadName not found ADC4 4
# warning: NodePadName not found POWER 1
# warning: NodePadName not found POWER 1
# warning: NodePadName not found POWER 1
# warning: NodePadName not found POWER 1
# warning: NodePadName not found PT1 2
# warning: NodePadName not found PT1 2
# warning: NodePadName not found PT1 2
# warning: NodePadName not found PT1 2
# warning: NodePadName not found POWER 3
# warning: NodePadName not found POWER 3
# warning: NodePadName not found POWER 3
# warning: NodePadName not found POWER 3
# warning: NodePadName not found POWER 3
# warning: NodePadName not found POWER 3
# warning: NodePadName not found POWER 3
# warning: NodePadName not found POWER 3
# warning: NodePadName not found POWER 3
# warning: NodePadName not found POWER 3
# warning: NodePadName not found POWER 3
# warning: NodePadName not found POWER 3
# warning: NodePadName not found POWER 3
# warning: NodePadName not found POWER 3
